Arguments: 
  C:\Program Files\nodejs\node.exe C:\Users\User\AppData\Roaming\npm\node_modules\yarn\bin\yarn.js

PATH: 
  C:\Users\User\bin;C:\Program Files\Git\mingw64\bin;C:\Program Files\Git\usr\local\bin;C:\Program Files\Git\usr\bin;C:\Program Files\Git\usr\bin;C:\Program Files\Git\mingw64\bin;C:\Program Files\Git\usr\bin;C:\Users\User\bin;C:\Program Files\Eclipse Adoptium\jdk-8.0.372.7-hotspot\bin;C:\Program Files\Common Files\Oracle\Java\javapath;C:\Program Files (x86)\Common Files\Oracle\Java\javapath;C:\WINDOWS\system32;C:\WINDOWS;C:\WINDOWS\System32\Wbem;C:\WINDOWS\System32\WindowsPowerShell\v1.0;C:\WINDOWS\System32\OpenSSH;C:\Users\User\Apps\apache-maven-3.9.3\bin;C:\Program Files\Git\cmd;C:\Program Files\Docker\Docker\resources\bin;C:\Program Files\nodejs;C:\Program Files\PuTTY;C:\Program Files\Go\bin;C:\Users\User\Apps\ngrok-v3-stable-windows-amd64;C:\Users\User\AppData\Local\Android\Sdk\platform-tools;C:\Users\User\Apps\scrcpy-win64-v2.0;C:\Users\User\AppData\Local\Microsoft\WindowsApps;C:\Users\User\AppData\Local\Programs\Microsoft VS Code\bin;C:\Users\User\AppData\Roaming\npm;C:\Program Files\JetBrains\IntelliJ IDEA Community Edition 2023.1.3\bin;C:\Users\User\go\bin;C:\Program Files\Git\usr\bin\vendor_perl;C:\Program Files\Git\usr\bin\core_perl

Yarn version: 
  1.22.19

Node version: 
  18.16.1

Platform: 
  win32 x64

Trace: 
  Error: https://registry.yarnpkg.com/next/-/next-13.4.19.tgz: ESOCKETTIMEDOUT
      at ClientRequest.<anonymous> (C:\Users\User\AppData\Roaming\npm\node_modules\yarn\lib\cli.js:141517:19)
      at Object.onceWrapper (node:events:627:28)
      at ClientRequest.emit (node:events:513:28)
      at TLSSocket.emitRequestTimeout (node:_http_client:848:9)
      at Object.onceWrapper (node:events:627:28)
      at TLSSocket.emit (node:events:525:35)
      at Socket._onTimeout (node:net:570:8)
      at listOnTimeout (node:internal/timers:569:17)
      at process.processTimers (node:internal/timers:512:7)

npm manifest: 
  {
    "name": "fullstack-ts-scaffold",
    "version": "1.0.0",
    "main": "dist/index.js",
    "bin": "dist/index.js",
    "author": {
      "name": "Annas RA"
    },
    "license": "MIT",
    "dependencies": {
      "cross-env": "^7.0.3",
      "inversify": "^6.0.1",
      "next": "^13.4.16",
      "react": "^18.2.0",
      "react-dom": "^18.2.0",
      "reflect-metadata": "^0.1.13"
    },
    "files": [
      "bin/*",
      "dist/*"
    ],
    "typings": "dist/index.d.ts",
    "scripts": {
      "dev": "nodemon",
      "build": "next build src/presentation/web && tsc",
      "start": "cross-env NODE_ENV=production node dist/index.js",
      "lint-next": "next lint src/presentation/web",
      "lint": "tslint -c tslint.json src/**/*.ts",
      "prepublish": "npm run build",
      "bundle": "pkg -C GZip ."
    },
    "devDependencies": {
      "@types/node": "20.5.0",
      "@types/react": "18.2.20",
      "nodemon": "^3.0.1",
      "pkg": "^5.8.1",
      "tslint": "^6.1.3",
      "typescript": "^5.1.6"
    },
    "pkg": {
      "scripts": "dist/**/*.js",
      "assets": [
        "public/**/*"
      ],
      "targets": [
        "node18-win-x64"
      ],
      "outputPath": "bundle"
    }
  }

yarn manifest: 
  No manifest

Lockfile: 
  No lockfile
